<?xml version="1.0" encoding="UTF-8"?>
<!-- Generated by org.testng.reporters.JUnitReportReporter -->
<testsuite name="Automation.VatEngine.AnalysisPageRegressionTestGreece" tests="15" time="988.337" ignored="0" failures="0" timestamp="16 Jan 2019 09:29:24 GMT" skipped="0" hostname="Av-Pn-ReshmaM" errors="0">
  <testcase name="GR_3_LocalReverseCharge" time="64.339" classname="Automation.VatEngine.AnalysisPageRegressionTestGreece"/>
  <testcase name="GR_10_LocalSaleOfGoods" time="68.770" classname="Automation.VatEngine.AnalysisPageRegressionTestGreece"/>
  <testcase name="GR_11_LocalSaleOfGoodsTablets" time="63.347" classname="Automation.VatEngine.AnalysisPageRegressionTestGreece"/>
  <testcase name="GR_15_LocalSaleOfGoodsTablets" time="80.490" classname="Automation.VatEngine.AnalysisPageRegressionTestGreece"/>
  <testcase name="GR_12_LocalSaleOfGoodsTablets" time="62.295" classname="Automation.VatEngine.AnalysisPageRegressionTestGreece"/>
  <testcase name="GR_5_LocalReverseCharge" time="77.709" classname="Automation.VatEngine.AnalysisPageRegressionTestGreece"/>
  <testcase name="GR_2_LocalReverseCharge" time="57.464" classname="Automation.VatEngine.AnalysisPageRegressionTestGreece"/>
  <testcase name="GR_1_LocalReverseCharge" time="62.153" classname="Automation.VatEngine.AnalysisPageRegressionTestGreece"/>
  <testcase name="GR_14_LocalSaleOfGoodsTablets" time="64.916" classname="Automation.VatEngine.AnalysisPageRegressionTestGreece"/>
  <testcase name="GR_6_LocalSaleOfGoods" time="63.151" classname="Automation.VatEngine.AnalysisPageRegressionTestGreece"/>
  <testcase name="GR_9_LocalSaleOfGoods" time="68.951" classname="Automation.VatEngine.AnalysisPageRegressionTestGreece"/>
  <testcase name="GR_7_LocalSaleOfGoods" time="62.336" classname="Automation.VatEngine.AnalysisPageRegressionTestGreece"/>
  <testcase name="GR_8_LocalSaleOfGoods" time="62.880" classname="Automation.VatEngine.AnalysisPageRegressionTestGreece"/>
  <testcase name="GR_4_LocalReverseCharge" time="66.176" classname="Automation.VatEngine.AnalysisPageRegressionTestGreece"/>
  <testcase name="GR_13_LocalSaleOfGoodsTablets" time="63.360" classname="Automation.VatEngine.AnalysisPageRegressionTestGreece"/>
</testsuite> <!-- Automation.VatEngine.AnalysisPageRegressionTestGreece -->
