<?xml version="1.0" encoding="UTF-8"?>
<!-- Generated by org.testng.reporters.JUnitReportReporter -->
<testsuite name="Automation.VatEngine.AnalysisPageRegressionTestBahrain" tests="4" time="253.310" ignored="0" failures="0" timestamp="16 Jan 2019 09:11:58 GMT" skipped="0" hostname="Av-Pn-ReshmaM" errors="0">
  <testcase name="GCC_17_Cultural" time="59.206" classname="Automation.VatEngine.AnalysisPageRegressionTestBahrain"/>
  <testcase name="GCC_3_Cultural" time="57.381" classname="Automation.VatEngine.AnalysisPageRegressionTestBahrain"/>
  <testcase name="GCC_10_Cultural" time="62.902" classname="Automation.VatEngine.AnalysisPageRegressionTestBahrain"/>
  <testcase name="BH_27_RentingVehicle" time="73.821" classname="Automation.VatEngine.AnalysisPageRegressionTestBahrain"/>
</testsuite> <!-- Automation.VatEngine.AnalysisPageRegressionTestBahrain -->
