<?xml version="1.0" encoding="UTF-8"?>
<!-- Generated by org.testng.reporters.JUnitReportReporter -->
<testsuite name="Automation.VatEngine.openbrowser" tests="1" time="15.588" ignored="0" failures="0" timestamp="08 Jan 2019 11:44:57 GMT" skipped="0" hostname="Av-Pn-ReshmaM" errors="0">
  <testcase name="main" time="15.588" classname="Automation.VatEngine.openbrowser"/>
</testsuite> <!-- Automation.VatEngine.openbrowser -->
