<?xml version="1.0" encoding="UTF-8"?>
<!-- Generated by org.testng.reporters.JUnitReportReporter -->
<testsuite name="Automation.VatEngine.AnalysisPageRegressionTestBahrain" tests="4" time="260.245" ignored="0" failures="0" timestamp="06 Feb 2019 03:30:40 GMT" skipped="0" hostname="Av-Pn-ReshmaM" errors="0">
  <testcase name="GCC_3_Cultural" time="59.425" classname="Automation.VatEngine.AnalysisPageRegressionTestBahrain"/>
  <testcase name="GCC_10_Cultural" time="70.589" classname="Automation.VatEngine.AnalysisPageRegressionTestBahrain"/>
  <testcase name="GCC_17_Cultural" time="63.663" classname="Automation.VatEngine.AnalysisPageRegressionTestBahrain"/>
  <testcase name="BH_27_RentingVehicle" time="66.568" classname="Automation.VatEngine.AnalysisPageRegressionTestBahrain"/>
</testsuite> <!-- Automation.VatEngine.AnalysisPageRegressionTestBahrain -->
