<?xml version="1.0" encoding="UTF-8"?>
<!-- Generated by org.testng.reporters.JUnitReportReporter -->
<testsuite name="Automation.VatEngine.GCC_SoapChecks" tests="56" time="80.121" ignored="0" failures="0" timestamp="07 Feb 2019 06:37:05 GMT" skipped="0" hostname="Av-Pn-ReshmaM" errors="0">
  <testcase name="BH_test28_RentingVehicle" time="0.412" classname="Automation.VatEngine.GCC_SoapChecks"/>
  <testcase name="BH_test13_Cultural" time="0.449" classname="Automation.VatEngine.GCC_SoapChecks"/>
  <testcase name="BH_test8_Cultural" time="0.351" classname="Automation.VatEngine.GCC_SoapChecks"/>
  <testcase name="BH_test57_TransportOfGoods" time="0.410" classname="Automation.VatEngine.GCC_SoapChecks"/>
  <testcase name="BH_test4_Cultural" time="0.437" classname="Automation.VatEngine.GCC_SoapChecks"/>
  <testcase name="BH_test7_Cultural" time="0.390" classname="Automation.VatEngine.GCC_SoapChecks"/>
  <testcase name="BH_test32_RentingVehicle" time="0.408" classname="Automation.VatEngine.GCC_SoapChecks"/>
  <testcase name="BH_test41_telecommunicationservices" time="0.342" classname="Automation.VatEngine.GCC_SoapChecks"/>
  <testcase name="BH_test29_RentingVehicle" time="0.406" classname="Automation.VatEngine.GCC_SoapChecks"/>
  <testcase name="BH_test49_TransportOfPassengers" time="0.400" classname="Automation.VatEngine.GCC_SoapChecks"/>
  <testcase name="BH_test15_Cultural" time="0.423" classname="Automation.VatEngine.GCC_SoapChecks"/>
  <testcase name="BH_test37_SaleOfServices" time="0.367" classname="Automation.VatEngine.GCC_SoapChecks"/>
  <testcase name="BH_test16_Cultural" time="0.471" classname="Automation.VatEngine.GCC_SoapChecks"/>
  <testcase name="BH_test11_Cultural" time="0.405" classname="Automation.VatEngine.GCC_SoapChecks"/>
  <testcase name="BH_test3_Cultural" time="0.430" classname="Automation.VatEngine.GCC_SoapChecks"/>
  <testcase name="BH_test50_TransportOfPassengers" time="0.413" classname="Automation.VatEngine.GCC_SoapChecks"/>
  <testcase name="BH_test34_RentingVehicle" time="0.438" classname="Automation.VatEngine.GCC_SoapChecks"/>
  <testcase name="BH_test10_Cultural" time="0.441" classname="Automation.VatEngine.GCC_SoapChecks"/>
  <testcase name="BH_test22_RentingVehicle" time="0.436" classname="Automation.VatEngine.GCC_SoapChecks"/>
  <testcase name="BH_test23_RentingVehicle" time="0.402" classname="Automation.VatEngine.GCC_SoapChecks"/>
  <testcase name="BH_test52_TransportOfGoods" time="0.396" classname="Automation.VatEngine.GCC_SoapChecks"/>
  <testcase name="BH_test19_VatRates" time="0.510" classname="Automation.VatEngine.GCC_SoapChecks"/>
  <testcase name="BH_test20_VatRates" time="0.362" classname="Automation.VatEngine.GCC_SoapChecks"/>
  <testcase name="BH_test26_RentingVehicle" time="0.407" classname="Automation.VatEngine.GCC_SoapChecks"/>
  <testcase name="BH_test6_Cultural" time="0.605" classname="Automation.VatEngine.GCC_SoapChecks"/>
  <testcase name="BH_test31_RentingVehicle" time="0.403" classname="Automation.VatEngine.GCC_SoapChecks"/>
  <testcase name="BH_test45_TransportOfPassengers" time="0.345" classname="Automation.VatEngine.GCC_SoapChecks"/>
  <testcase name="BH_tes51_TransportOfPassengers" time="0.341" classname="Automation.VatEngine.GCC_SoapChecks"/>
  <testcase name="BH_test12_Cultural" time="16.805" classname="Automation.VatEngine.GCC_SoapChecks"/>
  <testcase name="BH_test33_RentingVehicle" time="0.335" classname="Automation.VatEngine.GCC_SoapChecks"/>
  <testcase name="BH_test54_TransportOfGoods" time="0.408" classname="Automation.VatEngine.GCC_SoapChecks"/>
  <testcase name="BH_test59_TransportOfGoods" time="0.441" classname="Automation.VatEngine.GCC_SoapChecks"/>
  <testcase name="BH_test56_TransportOfGoods" time="0.509" classname="Automation.VatEngine.GCC_SoapChecks"/>
  <testcase name="BH_test2_Cultural" time="0.463" classname="Automation.VatEngine.GCC_SoapChecks"/>
  <testcase name="BH_test46_TransportOfPassengers" time="0.415" classname="Automation.VatEngine.GCC_SoapChecks"/>
  <testcase name="BH_test38_SaleOfServices" time="19.491" classname="Automation.VatEngine.GCC_SoapChecks"/>
  <testcase name="BH_test42_telecommunicationservices" time="0.370" classname="Automation.VatEngine.GCC_SoapChecks"/>
  <testcase name="BH_test1_Cultural" time="21.811" classname="Automation.VatEngine.GCC_SoapChecks"/>
  <testcase name="BH_test48_TransportOfPassengers" time="0.464" classname="Automation.VatEngine.GCC_SoapChecks"/>
  <testcase name="BH_test21_RentingVehicle" time="0.407" classname="Automation.VatEngine.GCC_SoapChecks"/>
  <testcase name="BH_test18_Cultural" time="0.399" classname="Automation.VatEngine.GCC_SoapChecks"/>
  <testcase name="BH_test53_TransportOfGoods" time="0.368" classname="Automation.VatEngine.GCC_SoapChecks"/>
  <testcase name="BH_test5_Cultural" time="0.403" classname="Automation.VatEngine.GCC_SoapChecks"/>
  <testcase name="BH_test17_Cultural" time="0.439" classname="Automation.VatEngine.GCC_SoapChecks"/>
  <testcase name="BH_test27_RentingVehicle" time="0.513" classname="Automation.VatEngine.GCC_SoapChecks"/>
  <testcase name="BH_test47_TransportOfPassengers" time="0.317" classname="Automation.VatEngine.GCC_SoapChecks"/>
  <testcase name="BH_test40_telecommunicationservices" time="0.362" classname="Automation.VatEngine.GCC_SoapChecks"/>
  <testcase name="BH_test35_RentingVehicle" time="0.444" classname="Automation.VatEngine.GCC_SoapChecks"/>
  <testcase name="BH_test24_RentingVehicle" time="0.380" classname="Automation.VatEngine.GCC_SoapChecks"/>
  <testcase name="BH_test9_Cultural" time="0.494" classname="Automation.VatEngine.GCC_SoapChecks"/>
  <testcase name="BH_test55_TransportOfGoods" time="0.448" classname="Automation.VatEngine.GCC_SoapChecks"/>
  <testcase name="BH_test44_TransportOfPassengers" time="0.413" classname="Automation.VatEngine.GCC_SoapChecks"/>
  <testcase name="BH_test25_RentingVehicle" time="0.433" classname="Automation.VatEngine.GCC_SoapChecks"/>
  <testcase name="BH_test36_SaleOfServices" time="0.406" classname="Automation.VatEngine.GCC_SoapChecks"/>
  <testcase name="BH_test58_TransportOfGoods" time="0.373" classname="Automation.VatEngine.GCC_SoapChecks"/>
  <testcase name="BH_test39_SaleOfServices" time="0.410" classname="Automation.VatEngine.GCC_SoapChecks"/>
</testsuite> <!-- Automation.VatEngine.GCC_SoapChecks -->
