<?xml version="1.0" encoding="UTF-8"?>
<!-- Generated by org.testng.reporters.JUnitReportReporter -->
<testsuite name="Automation.VatEngine.AnalysisPageRegressionTest" tests="9" time="0.007" ignored="0" failures="0" timestamp="13 Dec 2018 05:25:54 GMT" skipped="8" hostname="Av-Pn-ReshmaM" errors="1">
  <testcase name="GCC_3_Cultural" time="0.001" classname="Automation.VatEngine.AnalysisPageRegressionTest">
    <skipped/>
  </testcase> <!-- GCC_3_Cultural -->
  <testcase name="GCC_4_Cultural" time="0.001" classname="Automation.VatEngine.AnalysisPageRegressionTest">
    <skipped/>
  </testcase> <!-- GCC_4_Cultural -->
  <testcase name="beforeLogin" time="0.000" classname="Automation.VatEngine.AnalysisPageRegressionTest">
    <error type="java.lang.NullPointerException">
      <![CDATA[java.lang.NullPointerException
	at sun.reflect.NativeMethodAccessorImpl.invoke0(Native Method)
	at sun.reflect.NativeMethodAccessorImpl.invoke(Unknown Source)
	at sun.reflect.DelegatingMethodAccessorImpl.invoke(Unknown Source)
	at java.lang.reflect.Method.invoke(Unknown Source)
	at org.openqa.selenium.support.pagefactory.internal.LocatingElementHandler.invoke(LocatingElementHandler.java:51)
	at com.sun.proxy.$Proxy9.sendKeys(Unknown Source)
	at Automation.VatEngine.Login.login_wordpress(Login.java:40)
	at Automation.VatEngine.AnalysisPageRegressionTest.beforeLogin(AnalysisPageRegressionTest.java:35)
	at sun.reflect.NativeMethodAccessorImpl.invoke0(Native Method)
	at sun.reflect.NativeMethodAccessorImpl.invoke(Unknown Source)
	at sun.reflect.DelegatingMethodAccessorImpl.invoke(Unknown Source)
	at java.lang.reflect.Method.invoke(Unknown Source)
	at org.testng.internal.MethodInvocationHelper.invokeMethod(MethodInvocationHelper.java:104)
	at org.testng.internal.Invoker.invokeConfigurationMethod(Invoker.java:515)
	at org.testng.internal.Invoker.invokeConfigurations(Invoker.java:217)
	at org.testng.internal.Invoker.invokeConfigurations(Invoker.java:144)
	at org.testng.internal.TestMethodWorker.invokeBeforeClassMethods(TestMethodWorker.java:169)
	at org.testng.internal.TestMethodWorker.run(TestMethodWorker.java:108)
	at org.testng.TestRunner.privateRun(TestRunner.java:756)
	at org.testng.TestRunner.run(TestRunner.java:610)
	at org.testng.SuiteRunner.runTest(SuiteRunner.java:387)
	at org.testng.SuiteRunner.runSequentially(SuiteRunner.java:382)
	at org.testng.SuiteRunner.privateRun(SuiteRunner.java:340)
	at org.testng.SuiteRunner.run(SuiteRunner.java:289)
	at org.testng.SuiteRunnerWorker.runSuite(SuiteRunnerWorker.java:52)
	at org.testng.SuiteRunnerWorker.run(SuiteRunnerWorker.java:86)
	at org.testng.TestNG.runSuitesSequentially(TestNG.java:1293)
	at org.testng.TestNG.runSuitesLocally(TestNG.java:1218)
	at org.testng.TestNG.runSuites(TestNG.java:1133)
	at org.testng.TestNG.run(TestNG.java:1104)
	at org.testng.remote.AbstractRemoteTestNG.run(AbstractRemoteTestNG.java:114)
	at org.testng.remote.RemoteTestNG.initAndRun(RemoteTestNG.java:251)
	at org.testng.remote.RemoteTestNG.main(RemoteTestNG.java:77)
]]>
    </error>
  </testcase> <!-- beforeLogin -->
  <testcase name="GCC_5_Cultural" time="0.001" classname="Automation.VatEngine.AnalysisPageRegressionTest">
    <skipped/>
  </testcase> <!-- GCC_5_Cultural -->
  <testcase name="GCC_6_Cultural" time="0.001" classname="Automation.VatEngine.AnalysisPageRegressionTest">
    <skipped/>
  </testcase> <!-- GCC_6_Cultural -->
  <testcase name="GCC_7_Cultural" time="0.001" classname="Automation.VatEngine.AnalysisPageRegressionTest">
    <skipped/>
  </testcase> <!-- GCC_7_Cultural -->
  <testcase name="GCC_2_Cultural" time="0.001" classname="Automation.VatEngine.AnalysisPageRegressionTest">
    <skipped/>
  </testcase> <!-- GCC_2_Cultural -->
  <testcase name="GCC_1_Cultural" time="0.001" classname="Automation.VatEngine.AnalysisPageRegressionTest">
    <skipped/>
  </testcase> <!-- GCC_1_Cultural -->
  <testcase name="GCC_8_Cultural" time="0.000" classname="Automation.VatEngine.AnalysisPageRegressionTest">
    <skipped/>
  </testcase> <!-- GCC_8_Cultural -->
</testsuite> <!-- Automation.VatEngine.AnalysisPageRegressionTest -->
